\BOOKMARK [1][-]{section.1}{Introduction}{}% 1
\BOOKMARK [1][-]{section.2}{The package structure}{}% 2
\BOOKMARK [1][-]{section.3}{Java Objects corresponding to the PDL data Model}{}% 3
\BOOKMARK [1][-]{section.4}{The CommonsObject package}{}% 4
\BOOKMARK [2][-]{subsection.4.1}{The GeneralParameter.java class }{section.4}% 5
\BOOKMARK [2][-]{subsection.4.2}{The GeneralParameterAlgebra.java class}{section.4}% 6
\BOOKMARK [1][-]{section.5}{The visitors package}{}% 7
\BOOKMARK [2][-]{subsection.5.1}{The visitors objects}{section.5}% 8
\BOOKMARK [2][-]{subsection.5.2}{The criteria objects}{section.5}% 9
\BOOKMARK [3][-]{subsubsection.5.2.1}{The RealCriteria}{subsection.5.2}% 10
\BOOKMARK [3][-]{subsubsection.5.2.2}{The IntegerCriteria}{subsection.5.2}% 11
\BOOKMARK [3][-]{subsubsection.5.2.3}{The BooleanCriteria}{subsection.5.2}% 12
\BOOKMARK [3][-]{subsubsection.5.2.4}{The StringCriteria}{subsection.5.2}% 13
\BOOKMARK [1][-]{section.6}{The pdl.interpreter.expression package}{}% 14
\BOOKMARK [2][-]{subsection.6.1}{The ExpressionParserFactory class}{section.6}% 15
\BOOKMARK [2][-]{subsection.6.2}{The ExpressionWithPowerParser class}{section.6}% 16
\BOOKMARK [2][-]{subsection.6.3}{The AtomicParameterExpressionParser class}{section.6}% 17
\BOOKMARK [2][-]{subsection.6.4}{The AtomicConstantExpressionParser class}{section.6}% 18
\BOOKMARK [2][-]{subsection.6.5}{The ParenthesisContentParser class}{section.6}% 19
\BOOKMARK [2][-]{subsection.6.6}{The FunctionParser class}{section.6}% 20
\BOOKMARK [2][-]{subsection.6.7}{The FunctionExpressionParser class}{section.6}% 21
\BOOKMARK [2][-]{subsection.6.8}{The OperationParser class}{section.6}% 22
\BOOKMARK [1][-]{section.7}{The pdl.interpreter.condition package}{}% 23
\BOOKMARK [2][-]{subsection.7.1}{The ConditionInterpreterFactory class}{section.7}% 24
\BOOKMARK [2][-]{subsection.7.2}{The ValueLargerThanInterpreter class}{section.7}% 25
\BOOKMARK [2][-]{subsection.7.3}{The ValueSmallerThanInterpreter class}{section.7}% 26
\BOOKMARK [2][-]{subsection.7.4}{The ValueInRangeInterpreter class}{section.7}% 27
\BOOKMARK [2][-]{subsection.7.5}{The BelongToSetInterpreter class}{section.7}% 28
\BOOKMARK [2][-]{subsection.7.6}{The ValueDifferentFromInterpreter class}{section.7}% 29
\BOOKMARK [2][-]{subsection.7.7}{The IsRealInterpreter class}{section.7}% 30
\BOOKMARK [2][-]{subsection.7.8}{The IsIntegerInterpreter class}{section.7}% 31
\BOOKMARK [2][-]{subsection.7.9}{The IsNullInterpreter class}{section.7}% 32
\BOOKMARK [2][-]{subsection.7.10}{The DefaultValueInterpreter class}{section.7}% 33
\BOOKMARK [1][-]{section.8}{The pdl.interpreter.criterion package}{}% 34
\BOOKMARK [2][-]{subsection.8.1}{The CriterionInterpreterFactory class}{section.8}% 35
\BOOKMARK [2][-]{subsection.8.2}{The CriterionInterpreter class}{section.8}% 36
\BOOKMARK [2][-]{subsection.8.3}{The ParenthesisCriterionInterpreter class}{section.8}% 37
\BOOKMARK [2][-]{subsection.8.4}{The LogicalConnectorInterpreter class}{section.8}% 38
\BOOKMARK [1][-]{section.9}{The pdl.interpreter.conditionalStatement package}{}% 39
\BOOKMARK [2][-]{subsection.9.1}{The ConditionalStatementInterpreterFactory class}{section.9}% 40
\BOOKMARK [2][-]{subsection.9.2}{The AlwaysConditionalStatementInterpreter class}{section.9}% 41
\BOOKMARK [2][-]{subsection.9.3}{The IfThenConditionalStatementInterpreter class}{section.9}% 42
\BOOKMARK [2][-]{subsection.9.4}{The StatementHelperContanier class}{section.9}% 43
\BOOKMARK [1][-]{section.10}{The pdl.interpreter.groupInterpreter package}{}% 44
\BOOKMARK [2][-]{subsection.10.1}{The GroupHandlerHelper class}{section.10}% 45
\BOOKMARK [2][-]{subsection.10.2}{The GroupProcessor class}{section.10}% 46
\BOOKMARK [3][-]{subsubsection.10.2.1}{The process method}{subsection.10.2}% 47
\BOOKMARK [3][-]{subsubsection.10.2.2}{The buildGroupListFromService method}{subsection.10.2}% 48
\BOOKMARK [3][-]{subsubsection.10.2.3}{The addGroups method}{subsection.10.2}% 49
\BOOKMARK [3][-]{subsubsection.10.2.4}{The processStatementsOfGroups method}{subsection.10.2}% 50
\BOOKMARK [1][-]{section.11}{The gui.dynamicLabel package}{}% 51
\BOOKMARK [2][-]{subsection.11.1}{The PDLBaseParamPanel class}{section.11}% 52
\BOOKMARK [3][-]{subsubsection.11.1.1}{The PDLBaseParamPanel method}{subsection.11.1}% 53
\BOOKMARK [3][-]{subsubsection.11.1.2}{The verify method}{subsection.11.1}% 54
\BOOKMARK [3][-]{subsubsection.11.1.3}{The initializeComponent method}{subsection.11.1}% 55
\BOOKMARK [3][-]{subsubsection.11.1.4}{The convertToStringProvidedValues method}{subsection.11.1}% 56
\BOOKMARK [3][-]{subsubsection.11.1.5}{The buildLabelText method}{subsection.11.1}% 57
\BOOKMARK [2][-]{subsection.11.2}{The PDLParamPanelFactory class}{section.11}% 58
\BOOKMARK [3][-]{subsubsection.11.2.1}{The buildBasicPanel method}{subsection.11.2}% 59
\BOOKMARK [3][-]{subsubsection.11.2.2}{The getCriterionFromStatement method}{subsection.11.2}% 60
\BOOKMARK [3][-]{subsubsection.11.2.3}{The getCriterionWhereParamIsInvolved method}{subsection.11.2}% 61
\BOOKMARK [3][-]{subsubsection.11.2.4}{The test method}{subsection.11.2}% 62
\BOOKMARK [3][-]{subsubsection.11.2.5}{The paramBuilder method}{subsection.11.2}% 63
\BOOKMARK [2][-]{subsection.11.3}{The PDLTextParamPanel class}{section.11}% 64
\BOOKMARK [2][-]{subsection.11.4}{The PDLBooleanParamPanel class}{section.11}% 65
\BOOKMARK [2][-]{subsection.11.5}{The PDLChoseBoxParamPanel class}{section.11}% 66
\BOOKMARK [1][-]{section.12}{The pdl.interpreter.utilities}{}% 67
\BOOKMARK [1][-]{section.13}{ The pdl.serviceCaller package}{}% 68
\BOOKMARK [1][-]{section.14}{The gui package}{}% 69
\BOOKMARK [1][-]{section.15}{The test package}{}% 70
